<?xml version="1.0" encoding="UTF-8"?>
<testng-results ignored="0" total="4" passed="2" failed="2" skipped="0">
  <reporter-output>
  </reporter-output>
  <suite started-at="2025-06-10T14:25:16 IST" name="VerifyStockInformationSuite" finished-at="2025-06-10T14:26:14 IST" duration-ms="57970">
    <groups>
    </groups>
    <test started-at="2025-06-10T14:25:16 IST" name="Chrome" finished-at="2025-06-10T14:25:38 IST" duration-ms="21968">
      <class name="test.java.tests.StockInfoTest">
        <test-method is-config="true" signature="setup(java.lang.String)[pri:0, instance:test.java.tests.StockInfoTest@3e694b3f]" started-at="2025-06-10T14:25:16 IST" name="setup" finished-at="2025-06-10T14:25:18 IST" duration-ms="2299" status="PASS">
          <params>
            <param index="0">
              <value>
                <![CDATA[chrome]]>
              </value>
            </param>
          </params>
          <reporter-output>
          </reporter-output>
        </test-method> <!-- setup -->
        <test-method signature="searchStock(java.lang.String,java.lang.String,java.lang.String)[pri:1, instance:test.java.tests.StockInfoTest@3e694b3f]" started-at="2025-06-10T14:25:18 IST" name="searchStock" data-provider="stockData" finished-at="2025-06-10T14:25:28 IST" duration-ms="10288" status="PASS">
          <params>
            <param index="0">
              <value>
                <![CDATA[RCOM]]>
              </value>
            </param>
            <param index="1">
              <value>
                <![CDATA[2.58]]>
              </value>
            </param>
            <param index="2">
              <value>
                <![CDATA[1.34]]>
              </value>
            </param>
          </params>
          <reporter-output>
          </reporter-output>
        </test-method> <!-- searchStock -->
        <test-method signature="searchStock(java.lang.String,java.lang.String,java.lang.String)[pri:1, instance:test.java.tests.StockInfoTest@3e694b3f]" started-at="2025-06-10T14:25:29 IST" name="searchStock" data-provider="stockData" finished-at="2025-06-10T14:25:38 IST" duration-ms="9080" status="FAIL">
          <params>
            <param index="0">
              <value>
                <![CDATA[RCOM]]>
              </value>
            </param>
            <param index="1">
              <value>
                <![CDATA[2.50]]>
              </value>
            </param>
            <param index="2">
              <value>
                <![CDATA[1.34]]>
              </value>
            </param>
          </params>
          <exception class="java.lang.AssertionError">
            <message>
              <![CDATA[Mismatch in 52 Week High expected [2.50] but found [2.58]]]>
            </message>
            <full-stacktrace>
              <![CDATA[java.lang.AssertionError: Mismatch in 52 Week High expected [2.50] but found [2.58]
at org.testng.Assert.fail(Assert.java:99)
at org.testng.Assert.failNotEquals(Assert.java:1037)
at org.testng.Assert.assertEqualsImpl(Assert.java:140)
at org.testng.Assert.assertEquals(Assert.java:122)
at org.testng.Assert.assertEquals(Assert.java:629)
at test.java.tests.StockInfoTest.searchStock(StockInfoTest.java:36)
at java.base/jdk.internal.reflect.DirectMethodHandleAccessor.invoke(DirectMethodHandleAccessor.java:103)
at java.base/java.lang.reflect.Method.invoke(Method.java:580)
at org.testng.internal.MethodInvocationHelper.invokeMethod(MethodInvocationHelper.java:133)
at org.testng.internal.TestInvoker.invokeMethod(TestInvoker.java:598)
at org.testng.internal.TestInvoker.invokeTestMethod(TestInvoker.java:173)
at org.testng.internal.MethodRunner.runInSequence(MethodRunner.java:46)
at org.testng.internal.TestInvoker$MethodInvocationAgent.invoke(TestInvoker.java:824)
at org.testng.internal.TestInvoker.invokeTestMethods(TestInvoker.java:146)
at org.testng.internal.TestMethodWorker.invokeTestMethods(TestMethodWorker.java:146)
at org.testng.internal.TestMethodWorker.run(TestMethodWorker.java:128)
at java.base/java.util.concurrent.ThreadPoolExecutor.runWorker(ThreadPoolExecutor.java:1144)
at java.base/java.util.concurrent.ThreadPoolExecutor$Worker.run(ThreadPoolExecutor.java:642)
at java.base/java.lang.Thread.run(Thread.java:1575)
]]>
            </full-stacktrace>
          </exception> <!-- java.lang.AssertionError -->
          <reporter-output>
          </reporter-output>
        </test-method> <!-- searchStock -->
        <test-method is-config="true" signature="teardown()[pri:0, instance:test.java.tests.StockInfoTest@3e694b3f]" started-at="2025-06-10T14:25:38 IST" name="teardown" finished-at="2025-06-10T14:25:38 IST" duration-ms="256" status="PASS">
          <reporter-output>
          </reporter-output>
        </test-method> <!-- teardown -->
      </class> <!-- test.java.tests.StockInfoTest -->
    </test> <!-- Chrome -->
    <test started-at="2025-06-10T14:25:38 IST" name="Edge" finished-at="2025-06-10T14:26:14 IST" duration-ms="35976">
      <class name="test.java.tests.StockInfoTest">
        <test-method is-config="true" signature="setup(java.lang.String)[pri:0, instance:test.java.tests.StockInfoTest@385c9627]" started-at="2025-06-10T14:25:38 IST" name="setup" finished-at="2025-06-10T14:25:54 IST" duration-ms="15673" status="PASS">
          <params>
            <param index="0">
              <value>
                <![CDATA[edge]]>
              </value>
            </param>
          </params>
          <reporter-output>
          </reporter-output>
        </test-method> <!-- setup -->
        <test-method signature="searchStock(java.lang.String,java.lang.String,java.lang.String)[pri:1, instance:test.java.tests.StockInfoTest@385c9627]" started-at="2025-06-10T14:25:54 IST" name="searchStock" data-provider="stockData" finished-at="2025-06-10T14:26:04 IST" duration-ms="10218" status="PASS">
          <params>
            <param index="0">
              <value>
                <![CDATA[RCOM]]>
              </value>
            </param>
            <param index="1">
              <value>
                <![CDATA[2.58]]>
              </value>
            </param>
            <param index="2">
              <value>
                <![CDATA[1.34]]>
              </value>
            </param>
          </params>
          <reporter-output>
          </reporter-output>
        </test-method> <!-- searchStock -->
        <test-method signature="searchStock(java.lang.String,java.lang.String,java.lang.String)[pri:1, instance:test.java.tests.StockInfoTest@385c9627]" started-at="2025-06-10T14:26:04 IST" name="searchStock" data-provider="stockData" finished-at="2025-06-10T14:26:12 IST" duration-ms="8732" status="FAIL">
          <params>
            <param index="0">
              <value>
                <![CDATA[RCOM]]>
              </value>
            </param>
            <param index="1">
              <value>
                <![CDATA[2.50]]>
              </value>
            </param>
            <param index="2">
              <value>
                <![CDATA[1.34]]>
              </value>
            </param>
          </params>
          <exception class="java.lang.AssertionError">
            <message>
              <![CDATA[Mismatch in 52 Week High expected [2.50] but found [2.58]]]>
            </message>
            <full-stacktrace>
              <![CDATA[java.lang.AssertionError: Mismatch in 52 Week High expected [2.50] but found [2.58]
at org.testng.Assert.fail(Assert.java:99)
at org.testng.Assert.failNotEquals(Assert.java:1037)
at org.testng.Assert.assertEqualsImpl(Assert.java:140)
at org.testng.Assert.assertEquals(Assert.java:122)
at org.testng.Assert.assertEquals(Assert.java:629)
at test.java.tests.StockInfoTest.searchStock(StockInfoTest.java:36)
at java.base/jdk.internal.reflect.DirectMethodHandleAccessor.invoke(DirectMethodHandleAccessor.java:103)
at java.base/java.lang.reflect.Method.invoke(Method.java:580)
at org.testng.internal.MethodInvocationHelper.invokeMethod(MethodInvocationHelper.java:133)
at org.testng.internal.TestInvoker.invokeMethod(TestInvoker.java:598)
at org.testng.internal.TestInvoker.invokeTestMethod(TestInvoker.java:173)
at org.testng.internal.MethodRunner.runInSequence(MethodRunner.java:46)
at org.testng.internal.TestInvoker$MethodInvocationAgent.invoke(TestInvoker.java:824)
at org.testng.internal.TestInvoker.invokeTestMethods(TestInvoker.java:146)
at org.testng.internal.TestMethodWorker.invokeTestMethods(TestMethodWorker.java:146)
at org.testng.internal.TestMethodWorker.run(TestMethodWorker.java:128)
at java.base/java.util.concurrent.ThreadPoolExecutor.runWorker(ThreadPoolExecutor.java:1144)
at java.base/java.util.concurrent.ThreadPoolExecutor$Worker.run(ThreadPoolExecutor.java:642)
at java.base/java.lang.Thread.run(Thread.java:1575)
]]>
            </full-stacktrace>
          </exception> <!-- java.lang.AssertionError -->
          <reporter-output>
          </reporter-output>
        </test-method> <!-- searchStock -->
        <test-method is-config="true" signature="teardown()[pri:0, instance:test.java.tests.StockInfoTest@385c9627]" started-at="2025-06-10T14:26:13 IST" name="teardown" finished-at="2025-06-10T14:26:14 IST" duration-ms="1344" status="PASS">
          <reporter-output>
          </reporter-output>
        </test-method> <!-- teardown -->
      </class> <!-- test.java.tests.StockInfoTest -->
    </test> <!-- Edge -->
  </suite> <!-- VerifyStockInformationSuite -->
</testng-results>
