<?xml version="1.0" encoding="UTF-8"?>
<!-- Generated by org.testng.reporters.JUnitXMLReporter -->
<testsuite ignored="0" hostname="1caaef0033a75f8" failures="1" tests="2" name="Chrome" time="21.968" errors="0" timestamp="2025-06-10T14:25:38 IST">
  <testcase classname="test.java.tests.StockInfoTest" name="searchStock" time="10.288"/>
  <testcase classname="test.java.tests.StockInfoTest" name="searchStock" time="9.08">
    <failure type="java.lang.AssertionError" message="Mismatch in 52 Week High expected [2.50] but found [2.58]">
      <![CDATA[java.lang.AssertionError: Mismatch in 52 Week High expected [2.50] but found [2.58]
at test.java.tests.StockInfoTest.searchStock(StockInfoTest.java:36)
at java.base/java.util.concurrent.ThreadPoolExecutor.runWorker(ThreadPoolExecutor.java:1144)
at java.base/java.util.concurrent.ThreadPoolExecutor$Worker.run(ThreadPoolExecutor.java:642)
at java.base/java.lang.Thread.run(Thread.java:1575)
... Removed 15 stack frames]]>
    </failure>
  </testcase> <!-- searchStock -->
</testsuite> <!-- Chrome -->
