<?xml version="1.0" encoding="UTF-8"?>
<!-- Generated by org.testng.reporters.JUnitXMLReporter -->
<testsuite ignored="0" hostname="1caaef0033a75f8" failures="0" tests="2" name="Edge" time="0.034" errors="0" timestamp="2025-06-10T14:19:53 IST">
  <testcase classname="test.java.base.BaseTest" name="@BeforeTest setup" time="0.001">
    <failure type="java.lang.IllegalArgumentException" message="Browser not supported">
      <![CDATA[java.lang.IllegalArgumentException: Browser not supported
at main.java.utils.BrowserSelection.getDriver(BrowserSelection.java:20)
at test.java.base.BaseTest.setup(BaseTest.java:30)
... Removed 22 stack frames]]>
    </failure>
  </testcase> <!-- @BeforeTest setup -->
  <testcase classname="test.java.base.BaseTest" name="@AfterTest teardown" time="-1.7495453932E9">
    <skipped/>
  </testcase> <!-- @AfterTest teardown -->
  <testcase classname="test.java.tests.StockInfoTest" name="searchStock" time="0.0">
    <skipped/>
  </testcase> <!-- searchStock -->
  <testcase classname="test.java.tests.StockInfoTest" name="searchStock" time="0.0">
    <skipped/>
  </testcase> <!-- searchStock -->
</testsuite> <!-- Edge -->
